0 info it worked if it ends with ok
1 verbose cli [ '/usr/bin/node', '/usr/bin/npm', 'install', '-g', 'bower' ]
2 info using npm@2.15.1
3 info using node@v0.10.48
4 verbose node symlink /usr/bin/node
5 verbose install initial load of /usr/lib/package.json
6 verbose readDependencies loading dependencies from /usr/lib/package.json
7 silly cache add args [ 'bower', null ]
8 verbose cache add spec bower
9 silly cache add parsed spec { raw: 'bower',
9 silly cache add   scope: null,
9 silly cache add   name: 'bower',
9 silly cache add   rawSpec: '',
9 silly cache add   spec: 'latest',
9 silly cache add   type: 'tag' }
10 silly addNamed bower@latest
11 verbose addNamed "latest" is being treated as a dist-tag for bower
12 info addNameTag [ 'bower', 'latest' ]
13 silly mapToRegistry name bower
14 silly mapToRegistry using default registry
15 silly mapToRegistry registry https://registry.npmjs.org/
16 silly mapToRegistry data { raw: 'bower',
16 silly mapToRegistry   scope: null,
16 silly mapToRegistry   name: 'bower',
16 silly mapToRegistry   rawSpec: '',
16 silly mapToRegistry   spec: 'latest',
16 silly mapToRegistry   type: 'tag' }
17 silly mapToRegistry uri https://registry.npmjs.org/bower
18 verbose addNameTag registry:https://registry.npmjs.org/bower not in flight; fetching
19 verbose request uri https://registry.npmjs.org/bower
20 verbose request no auth needed
21 info attempt registry request try #1 at 16:18:29
22 verbose request id 5a1e13ec74d387fe
23 verbose etag W/"589f60b2-2ae1a"
24 verbose lastModified Sat, 11 Feb 2017 19:06:26 GMT
25 http request GET https://registry.npmjs.org/bower
26 http 304 https://registry.npmjs.org/bower
27 verbose headers { date: 'Fri, 17 Feb 2017 08:18:33 GMT',
27 verbose headers   via: '1.1 varnish',
27 verbose headers   'cache-control': 'max-age=300',
27 verbose headers   etag: 'W/"589f60b2-2ae1a"',
27 verbose headers   age: '180',
27 verbose headers   connection: 'keep-alive',
27 verbose headers   'x-served-by': 'cache-sin6922-SIN',
27 verbose headers   'x-cache': 'HIT',
27 verbose headers   'x-cache-hits': '6',
27 verbose headers   'x-timer': 'S1487319513.214774,VS0,VE0',
27 verbose headers   vary: 'Accept-Encoding' }
28 silly get cb [ 304,
28 silly get   { date: 'Fri, 17 Feb 2017 08:18:33 GMT',
28 silly get     via: '1.1 varnish',
28 silly get     'cache-control': 'max-age=300',
28 silly get     etag: 'W/"589f60b2-2ae1a"',
28 silly get     age: '180',
28 silly get     connection: 'keep-alive',
28 silly get     'x-served-by': 'cache-sin6922-SIN',
28 silly get     'x-cache': 'HIT',
28 silly get     'x-cache-hits': '6',
28 silly get     'x-timer': 'S1487319513.214774,VS0,VE0',
28 silly get     vary: 'Accept-Encoding' } ]
29 verbose etag https://registry.npmjs.org/bower from cache
30 verbose get saving bower to /home/carl/.npm/registry.npmjs.org/bower/.cache.json
31 verbose correctMkdir /home/carl/.npm correctMkdir not in flight; initializing
32 silly addNameTag next cb for bower with tag latest
33 silly addNamed bower@1.8.0
34 verbose addNamed "1.8.0" is a plain semver version for bower
35 silly cache afterAdd bower@1.8.0
36 verbose afterAdd /home/carl/.npm/bower/1.8.0/package/package.json not in flight; writing
37 verbose correctMkdir /home/carl/.npm correctMkdir not in flight; initializing
38 verbose afterAdd /home/carl/.npm/bower/1.8.0/package/package.json written
39 silly install resolved [ { name: 'bower',
39 silly install resolved     version: '1.8.0',
39 silly install resolved     description: 'The browser package manager',
39 silly install resolved     author: { name: 'Twitter' },
39 silly install resolved     license: 'MIT',
39 silly install resolved     repository: { type: 'git', url: 'git+https://github.com/bower/bower.git' },
39 silly install resolved     main: 'lib',
39 silly install resolved     bin: { bower: 'bin/bower' },
39 silly install resolved     homepage: 'http://bower.io',
39 silly install resolved     engines: { node: '>=0.10.0' },
39 silly install resolved     keywords: [ 'bower' ],
39 silly install resolved     files: [ 'bin', 'lib' ],
39 silly install resolved     bugs: { url: 'https://github.com/bower/bower/issues' },
39 silly install resolved     _id: 'bower@1.8.0',
39 silly install resolved     scripts: {},
39 silly install resolved     _shasum: '55dbebef0ad9155382d9e9d3e497c1372345b44a',
39 silly install resolved     _from: 'bower@latest',
39 silly install resolved     _npmVersion: '3.10.9',
39 silly install resolved     _nodeVersion: '4.4.6',
39 silly install resolved     _npmUser: { name: 'sheerun', email: 'sheerun@sher.pl' },
39 silly install resolved     dist:
39 silly install resolved      { shasum: '55dbebef0ad9155382d9e9d3e497c1372345b44a',
39 silly install resolved        tarball: 'https://registry.npmjs.org/bower/-/bower-1.8.0.tgz' },
39 silly install resolved     maintainers:
39 silly install resolved      [ [Object],
39 silly install resolved        [Object],
39 silly install resolved        [Object],
39 silly install resolved        [Object],
39 silly install resolved        [Object],
39 silly install resolved        [Object],
39 silly install resolved        [Object] ],
39 silly install resolved     _npmOperationalInternal:
39 silly install resolved      { host: 'packages-18-east.internal.npmjs.com',
39 silly install resolved        tmp: 'tmp/bower-1.8.0.tgz_1478512918020_0.7136248126626015' },
39 silly install resolved     directories: {},
39 silly install resolved     _resolved: 'https://registry.npmjs.org/bower/-/bower-1.8.0.tgz',
39 silly install resolved     readme: 'ERROR: No README data found!' } ]
40 info install bower@1.8.0 into /usr/lib
41 info installOne bower@1.8.0
42 verbose installOne of bower to /usr/lib not in flight; installing
43 verbose correctMkdir /home/carl/.npm/_locks correctMkdir not in flight; initializing
44 verbose lock using /home/carl/.npm/_locks/bower-f46d670cb56ecd4d.lock for /usr/lib/node_modules/bower
45 silly install write writing bower 1.8.0 to /usr/lib/node_modules/bower
46 verbose unbuild lib/node_modules/bower
47 info preuninstall bower@1.8.0
48 info uninstall bower@1.8.0
49 verbose unbuild rmStuff bower@1.8.0 from /usr/lib/node_modules
50 silly gentlyRm /usr/bin/bower is being gently removed
51 silly gentlyRm verifying /usr is an npm working directory
52 silly gentlyRm containing path /usr is under npm's control, in /usr
53 silly gentlyRm deletion target /usr/bin/bower is under /usr
54 verbose gentlyRm vacuuming from /usr/bin/bower up to /usr
55 silly vacuum-fs removing /usr/bin/bower
56 verbose unlock done using /home/carl/.npm/_locks/bower-f46d670cb56ecd4d.lock for /usr/lib/node_modules/bower
57 verbose stack Error: EACCES, unlink '/usr/bin/bower'
58 verbose cwd /home/carl/php/blog_laravel_vue_material
59 error Linux 3.13.0-32-generic
60 error argv "/usr/bin/node" "/usr/bin/npm" "install" "-g" "bower"
61 error node v0.10.48
62 error npm  v2.15.1
63 error path /usr/bin/bower
64 error code EACCES
65 error errno 3
66 error Error: EACCES, unlink '/usr/bin/bower'
66 error  { [Error: EACCES, unlink '/usr/bin/bower'] errno: 3, code: 'EACCES', path: '/usr/bin/bower' }
67 error Please try running this command again as root/Administrator.
68 verbose exit [ 3, true ]
69 verbose unbuild lib/node_modules/bower
70 info preuninstall bower@1.8.0
71 info uninstall bower@1.8.0
72 verbose unbuild rmStuff bower@1.8.0 from /usr/lib/node_modules
73 silly gentlyRm /usr/bin/bower is being gently removed
74 silly gentlyRm verifying /usr is an npm working directory
75 silly gentlyRm containing path /usr is under npm's control, in /usr
76 silly gentlyRm deletion target /usr/bin/bower is under /usr
77 verbose gentlyRm vacuuming from /usr/bin/bower up to /usr
78 silly vacuum-fs removing /usr/bin/bower
79 error error rolling back Error: EACCES, unlink '/usr/bin/bower'
79 error error rolling back  { [Error: EACCES, unlink '/usr/bin/bower'] errno: 3, code: 'EACCES', path: '/usr/bin/bower' }
